<?xml version="1.0" encoding="UTF-8"?>
<testng-results ignored="0" total="3" passed="2" failed="1" skipped="0">
  <reporter-output>
  </reporter-output>
  <suite started-at="2025-12-17T16:27:23 IST" name="Master Suite" finished-at="2025-12-17T16:27:36 IST" duration-ms="12840">
    <groups>
      <group name="Master">
        <method signature="TC001_AccountRegistrationsTest.verify_acc_registration()[pri:0, instance:testCase.TC001_AccountRegistrationsTest@4eed46ee]" name="verify_acc_registration" class="testCase.TC001_AccountRegistrationsTest"/>
      </group> <!-- Master -->
      <group name="Sanity">
        <method signature="TC001_AccountRegistrationsTest.verify_acc_registration()[pri:0, instance:testCase.TC001_AccountRegistrationsTest@4eed46ee]" name="verify_acc_registration" class="testCase.TC001_AccountRegistrationsTest"/>
      </group> <!-- Sanity -->
      <group name="regression">
        <method signature="TC002_UserLoginTest.verifyUserLogin()[pri:0, instance:testCase.TC002_UserLoginTest@6c67e137]" name="verifyUserLogin" class="testCase.TC002_UserLoginTest"/>
      </group> <!-- regression -->
      <group name="sanity">
        <method signature="TC002_UserLoginTest.verifyUserLogin()[pri:0, instance:testCase.TC002_UserLoginTest@6c67e137]" name="verifyUserLogin" class="testCase.TC002_UserLoginTest"/>
      </group> <!-- sanity -->
      <group name="master">
        <method signature="TC002_UserLoginTest.verifyUserLogin()[pri:0, instance:testCase.TC002_UserLoginTest@6c67e137]" name="verifyUserLogin" class="testCase.TC002_UserLoginTest"/>
      </group> <!-- master -->
    </groups>
    <test started-at="2025-12-17T16:27:23 IST" name="Test" finished-at="2025-12-17T16:27:36 IST" duration-ms="12840">
      <class name="testCase.TC001_AccountRegistrationsTest">
        <test-method is-config="true" signature="setup(java.lang.String,java.lang.String)[pri:0, instance:testCase.TC001_AccountRegistrationsTest@4eed46ee]" started-at="2025-12-17T16:27:23 IST" name="setup" finished-at="2025-12-17T16:27:26 IST" duration-ms="2639" status="PASS">
          <params>
            <param index="0">
              <value>
                <![CDATA[window]]>
              </value>
            </param>
            <param index="1">
              <value>
                <![CDATA[chrome]]>
              </value>
            </param>
          </params>
          <reporter-output>
          </reporter-output>
        </test-method> <!-- setup -->
        <test-method signature="verify_acc_registration()[pri:0, instance:testCase.TC001_AccountRegistrationsTest@4eed46ee]" started-at="2025-12-17T16:27:26 IST" name="verify_acc_registration" finished-at="2025-12-17T16:27:29 IST" duration-ms="2984" status="PASS">
          <reporter-output>
          </reporter-output>
        </test-method> <!-- verify_acc_registration -->
        <test-method is-config="true" signature="tearDown()[pri:0, instance:testCase.TC001_AccountRegistrationsTest@4eed46ee]" started-at="2025-12-17T16:27:29 IST" name="tearDown" finished-at="2025-12-17T16:27:29 IST" duration-ms="376" status="PASS">
          <reporter-output>
          </reporter-output>
        </test-method> <!-- tearDown -->
      </class> <!-- testCase.TC001_AccountRegistrationsTest -->
      <class name="testCase.TC004_LoginDDT_Excel">
        <test-method signature="loginDDT(java.lang.String,java.lang.String,java.lang.String)[pri:0, instance:testCase.TC004_LoginDDT_Excel@2c9399a4]" started-at="2025-12-17T16:27:36 IST" name="loginDDT" data-provider="loginData" finished-at="2025-12-17T16:27:36 IST" duration-ms="0" status="FAIL">
          <exception class="java.lang.RuntimeException">
            <message>
              <![CDATA[java.lang.NoSuchMethodError: org.apache.commons.io.output.UnsynchronizedByteArrayOutputStream.builder()Lorg/apache/commons/io/output/UnsynchronizedByteArrayOutputStream$Builder;]]>
            </message>
            <full-stacktrace>
              <![CDATA[java.lang.RuntimeException: java.lang.NoSuchMethodError: org.apache.commons.io.output.UnsynchronizedByteArrayOutputStream.builder()Lorg/apache/commons/io/output/UnsynchronizedByteArrayOutputStream$Builder;
at org.testng.internal.invokers.MethodInvocationHelper.invokeMethodNoCheckedException(MethodInvocationHelper.java:58)
at org.testng.internal.invokers.MethodInvocationHelper.invokeDataProvider(MethodInvocationHelper.java:159)
at org.testng.internal.Parameters.handleParameters(Parameters.java:809)
at org.testng.internal.Parameters.handleParameters(Parameters.java:734)
at org.testng.internal.invokers.ParameterHandler.handleParameters(ParameterHandler.java:72)
at org.testng.internal.invokers.ParameterHandler.createParameters(ParameterHandler.java:51)
at org.testng.internal.invokers.TestInvoker$MethodInvocationAgent.invoke(TestInvoker.java:946)
at org.testng.internal.invokers.TestInvoker.invokeTestMethods(TestInvoker.java:203)
at org.testng.internal.invokers.TestMethodWorker.invokeTestMethods(TestMethodWorker.java:154)
at org.testng.internal.invokers.TestMethodWorker.run(TestMethodWorker.java:134)
at java.base/java.util.ArrayList.forEach(ArrayList.java:1541)
at org.testng.TestRunner.privateRun(TestRunner.java:739)
at org.testng.TestRunner.run(TestRunner.java:614)
at org.testng.SuiteRunner.runTest(SuiteRunner.java:421)
at org.testng.SuiteRunner.runSequentially(SuiteRunner.java:413)
at org.testng.SuiteRunner.privateRun(SuiteRunner.java:373)
at org.testng.SuiteRunner.run(SuiteRunner.java:312)
at org.testng.SuiteRunnerWorker.runSuite(SuiteRunnerWorker.java:52)
at org.testng.SuiteRunnerWorker.run(SuiteRunnerWorker.java:95)
at org.testng.TestNG.runSuitesSequentially(TestNG.java:1274)
at org.testng.TestNG.runSuitesLocally(TestNG.java:1208)
at org.testng.TestNG.runSuites(TestNG.java:1112)
at org.testng.TestNG.run(TestNG.java:1079)
at org.apache.maven.surefire.testng.TestNGExecutor.run(TestNGExecutor.java:308)
at org.apache.maven.surefire.testng.TestNGXmlTestSuite.execute(TestNGXmlTestSuite.java:71)
at org.apache.maven.surefire.testng.TestNGProvider.invoke(TestNGProvider.java:113)
at org.apache.maven.surefire.booter.ForkedBooter.runSuitesInProcess(ForkedBooter.java:385)
at org.apache.maven.surefire.booter.ForkedBooter.execute(ForkedBooter.java:162)
at org.apache.maven.surefire.booter.ForkedBooter.run(ForkedBooter.java:507)
at org.apache.maven.surefire.booter.ForkedBooter.main(ForkedBooter.java:495)
Caused by: java.lang.NoSuchMethodError: org.apache.commons.io.output.UnsynchronizedByteArrayOutputStream.builder()Lorg/apache/commons/io/output/UnsynchronizedByteArrayOutputStream$Builder;
at org.apache.poi.util.IOUtils.peekFirstNBytes(IOUtils.java:144)
at org.apache.poi.poifs.filesystem.FileMagic.valueOf(FileMagic.java:209)
at org.apache.poi.openxml4j.opc.internal.ZipHelper.verifyZipHeader(ZipHelper.java:144)
at org.apache.poi.openxml4j.opc.internal.ZipHelper.openZipStream(ZipHelper.java:188)
at org.apache.poi.openxml4j.opc.ZipPackage.<init>(ZipPackage.java:156)
at org.apache.poi.openxml4j.opc.OPCPackage.open(OPCPackage.java:351)
at org.apache.poi.ooxml.util.PackageHelper.open(PackageHelper.java:64)
at org.apache.poi.xssf.usermodel.XSSFWorkbook.<init>(XSSFWorkbook.java:313)
at org.apache.poi.xssf.usermodel.XSSFWorkbook.<init>(XSSFWorkbook.java:287)
at utility.ExcelUtility.loadFile(ExcelUtility.java:30)
at utility.ExcelUtility.getRowCount(ExcelUtility.java:41)
at utility.ExcelDataProvider.dataProvider(ExcelDataProvider.java:20)
at java.base/jdk.internal.reflect.NativeMethodAccessorImpl.invoke0(Native Method)
at java.base/jdk.internal.reflect.NativeMethodAccessorImpl.invoke(NativeMethodAccessorImpl.java:62)
at java.base/jdk.internal.reflect.DelegatingMethodAccessorImpl.invoke(DelegatingMethodAccessorImpl.java:43)
at java.base/java.lang.reflect.Method.invoke(Method.java:566)
at org.testng.internal.invokers.MethodInvocationHelper.invokeMethod(MethodInvocationHelper.java:141)
at org.testng.internal.invokers.MethodInvocationHelper.invokeMethod(MethodInvocationHelper.java:86)
at org.testng.internal.invokers.MethodInvocationHelper.invokeMethodNoCheckedException(MethodInvocationHelper.java:54)
... 29 more
]]>
            </full-stacktrace>
          </exception> <!-- java.lang.RuntimeException -->
          <reporter-output>
          </reporter-output>
        </test-method> <!-- loginDDT -->
      </class> <!-- testCase.TC004_LoginDDT_Excel -->
      <class name="testCase.TC002_UserLoginTest">
        <test-method is-config="true" signature="setup(java.lang.String,java.lang.String)[pri:0, instance:testCase.TC002_UserLoginTest@6c67e137]" started-at="2025-12-17T16:27:29 IST" name="setup" finished-at="2025-12-17T16:27:31 IST" duration-ms="1985" status="PASS">
          <params>
            <param index="0">
              <value>
                <![CDATA[window]]>
              </value>
            </param>
            <param index="1">
              <value>
                <![CDATA[chrome]]>
              </value>
            </param>
          </params>
          <reporter-output>
          </reporter-output>
        </test-method> <!-- setup -->
        <test-method signature="verifyUserLogin()[pri:0, instance:testCase.TC002_UserLoginTest@6c67e137]" started-at="2025-12-17T16:27:31 IST" name="verifyUserLogin" finished-at="2025-12-17T16:27:35 IST" duration-ms="4209" status="PASS">
          <reporter-output>
          </reporter-output>
        </test-method> <!-- verifyUserLogin -->
        <test-method is-config="true" signature="tearDown()[pri:0, instance:testCase.TC002_UserLoginTest@6c67e137]" started-at="2025-12-17T16:27:35 IST" name="tearDown" finished-at="2025-12-17T16:27:36 IST" duration-ms="372" status="PASS">
          <reporter-output>
          </reporter-output>
        </test-method> <!-- tearDown -->
      </class> <!-- testCase.TC002_UserLoginTest -->
    </test> <!-- Test -->
  </suite> <!-- Master Suite -->
</testng-results>
