<?xml version="1.0" encoding="UTF-8"?>
<testsuite xmlns:xsi="http://www.w3.org/2001/XMLSchema-instance" xsi:noNamespaceSchemaLocation="https://maven.apache.org/surefire/maven-surefire-plugin/xsd/surefire-test-report-3.0.xsd" version="3.0" name="TestSuite" time="14.303" tests="3" errors="0" skipped="0" failures="1">
  <properties>
[...]
</properties>
  <testcase name="verify_acc_registration" classname="testCase.TC001_AccountRegistrationsTest" time="2.992">
    <system-out><![CDATA[16:27:25 [main] INFO  TC001_AccountRegistrationsTest - Browser launched: chrome
16:27:26 [main] INFO  TC001_AccountRegistrationsTest - ============= TC001_AccountRegistration Test Started ===============
16:27:26 [main] INFO  TC001_AccountRegistrationsTest - Navigating to Home Page
16:27:26 [main] INFO  TC001_AccountRegistrationsTest - Clicked on 'My Account' link
16:27:26 [main] INFO  TC001_AccountRegistrationsTest - Clicked on 'Registration' link
16:27:26 [main] INFO  TC001_AccountRegistrationsTest - Filling registration form with random user data
16:27:27 [main] INFO  TC001_AccountRegistrationsTest - Entered First Name
16:27:27 [main] INFO  TC001_AccountRegistrationsTest - Entered Last Name
16:27:27 [main] INFO  TC001_AccountRegistrationsTest - Entered Email Address
16:27:27 [main] INFO  TC001_AccountRegistrationsTest - Entered Phone Number
16:27:27 [main] INFO  TC001_AccountRegistrationsTest - Entered Password
16:27:27 [main] INFO  TC001_AccountRegistrationsTest - Confirmed Password
16:27:27 [main] INFO  TC001_AccountRegistrationsTest - Clicked on Privacy Policy Checkbox
16:27:29 [main] INFO  TC001_AccountRegistrationsTest - Clicked on Continue button
16:27:29 [main] INFO  TC001_AccountRegistrationsTest - Validating confirmation message...
16:27:29 [main] INFO  TC001_AccountRegistrationsTest - Account Registration Test Passed — Account created successfully.
16:27:29 [main] INFO  TC001_AccountRegistrationsTest - ============= TC001_AccountRegistration Test Completed ===============
]]></system-out>
    <system-err><![CDATA[Dec 17, 2025 4:27:25 PM org.openqa.selenium.devtools.CdpVersionFinder findNearestMatch
WARNING: Unable to find an exact match for CDP version 143, returning the closest version; found: 142; Please update to a Selenium version that supports CDP version 143
]]></system-err>
  </testcase>
  <testcase name="verifyUserLogin" classname="testCase.TC002_UserLoginTest" time="4.209">
    <system-out><![CDATA[16:27:29 [main] INFO  TC001_AccountRegistrationsTest - Browser closed.
16:27:30 [main] INFO  TC002_UserLoginTest - Browser launched: chrome
16:27:31 [main] INFO  TC002_UserLoginTest - ===========TC002_UserLoginTest Start===========
16:27:31 [main] INFO  TC002_UserLoginTest - Clicked on MyAccount
16:27:31 [main] INFO  TC002_UserLoginTest - Clicked on Login
16:27:32 [main] INFO  TC002_UserLoginTest - Set Email
16:27:32 [main] INFO  TC002_UserLoginTest - Set Password
16:27:32 [main] INFO  TC002_UserLoginTest - Clicked on Login Button
16:27:35 [main] INFO  TC002_UserLoginTest - Logout successfuly
16:27:35 [main] INFO  TC002_UserLoginTest - ===========TC002_UserLoginTest Finished===========
]]></system-out>
    <system-err><![CDATA[Dec 17, 2025 4:27:30 PM org.openqa.selenium.devtools.CdpVersionFinder findNearestMatch
WARNING: Unable to find an exact match for CDP version 143, returning the closest version; found: 142; Please update to a Selenium version that supports CDP version 143
]]></system-err>
  </testcase>
  <testcase name="loginDDT" classname="testCase.TC004_LoginDDT_Excel" time="4.662">
    <failure message="java.lang.NoSuchMethodError: org.apache.commons.io.output.UnsynchronizedByteArrayOutputStream.builder()Lorg/apache/commons/io/output/UnsynchronizedByteArrayOutputStream$Builder;" type="java.lang.RuntimeException"><![CDATA[java.lang.RuntimeException: java.lang.NoSuchMethodError: org.apache.commons.io.output.UnsynchronizedByteArrayOutputStream.builder()Lorg/apache/commons/io/output/UnsynchronizedByteArrayOutputStream$Builder;
	at org.testng.internal.invokers.MethodInvocationHelper.invokeMethodNoCheckedException(MethodInvocationHelper.java:58)
	at org.testng.internal.invokers.MethodInvocationHelper.invokeDataProvider(MethodInvocationHelper.java:159)
	at org.testng.internal.Parameters.handleParameters(Parameters.java:809)
	at org.testng.internal.Parameters.handleParameters(Parameters.java:734)
	at org.testng.internal.invokers.ParameterHandler.handleParameters(ParameterHandler.java:72)
	at org.testng.internal.invokers.ParameterHandler.createParameters(ParameterHandler.java:51)
	at org.testng.internal.invokers.TestInvoker$MethodInvocationAgent.invoke(TestInvoker.java:946)
	at org.testng.internal.invokers.TestInvoker.invokeTestMethods(TestInvoker.java:203)
	at org.testng.internal.invokers.TestMethodWorker.invokeTestMethods(TestMethodWorker.java:154)
	at org.testng.internal.invokers.TestMethodWorker.run(TestMethodWorker.java:134)
	at java.base/java.util.ArrayList.forEach(ArrayList.java:1541)
	at org.testng.TestRunner.privateRun(TestRunner.java:739)
	at org.testng.TestRunner.run(TestRunner.java:614)
	at org.testng.SuiteRunner.runTest(SuiteRunner.java:421)
	at org.testng.SuiteRunner.runSequentially(SuiteRunner.java:413)
	at org.testng.SuiteRunner.privateRun(SuiteRunner.java:373)
	at org.testng.SuiteRunner.run(SuiteRunner.java:312)
	at org.testng.SuiteRunnerWorker.runSuite(SuiteRunnerWorker.java:52)
	at org.testng.SuiteRunnerWorker.run(SuiteRunnerWorker.java:95)
	at org.testng.TestNG.runSuitesSequentially(TestNG.java:1274)
	at org.testng.TestNG.runSuitesLocally(TestNG.java:1208)
	at org.testng.TestNG.runSuites(TestNG.java:1112)
	at org.testng.TestNG.run(TestNG.java:1079)
	at org.apache.maven.surefire.testng.TestNGExecutor.run(TestNGExecutor.java:308)
	at org.apache.maven.surefire.testng.TestNGXmlTestSuite.execute(TestNGXmlTestSuite.java:71)
	at org.apache.maven.surefire.testng.TestNGProvider.invoke(TestNGProvider.java:113)
	at org.apache.maven.surefire.booter.ForkedBooter.runSuitesInProcess(ForkedBooter.java:385)
	at org.apache.maven.surefire.booter.ForkedBooter.execute(ForkedBooter.java:162)
	at org.apache.maven.surefire.booter.ForkedBooter.run(ForkedBooter.java:507)
	at org.apache.maven.surefire.booter.ForkedBooter.main(ForkedBooter.java:495)
Caused by: java.lang.NoSuchMethodError: org.apache.commons.io.output.UnsynchronizedByteArrayOutputStream.builder()Lorg/apache/commons/io/output/UnsynchronizedByteArrayOutputStream$Builder;
	at org.apache.poi.util.IOUtils.peekFirstNBytes(IOUtils.java:144)
	at org.apache.poi.poifs.filesystem.FileMagic.valueOf(FileMagic.java:209)
	at org.apache.poi.openxml4j.opc.internal.ZipHelper.verifyZipHeader(ZipHelper.java:144)
	at org.apache.poi.openxml4j.opc.internal.ZipHelper.openZipStream(ZipHelper.java:188)
	at org.apache.poi.openxml4j.opc.ZipPackage.<init>(ZipPackage.java:156)
	at org.apache.poi.openxml4j.opc.OPCPackage.open(OPCPackage.java:351)
	at org.apache.poi.ooxml.util.PackageHelper.open(PackageHelper.java:64)
	at org.apache.poi.xssf.usermodel.XSSFWorkbook.<init>(XSSFWorkbook.java:313)
	at org.apache.poi.xssf.usermodel.XSSFWorkbook.<init>(XSSFWorkbook.java:287)
	at utility.ExcelUtility.loadFile(ExcelUtility.java:30)
	at utility.ExcelUtility.getRowCount(ExcelUtility.java:41)
	at utility.ExcelDataProvider.dataProvider(ExcelDataProvider.java:20)
	at java.base/jdk.internal.reflect.NativeMethodAccessorImpl.invoke0(Native Method)
	at java.base/jdk.internal.reflect.NativeMethodAccessorImpl.invoke(NativeMethodAccessorImpl.java:62)
	at java.base/jdk.internal.reflect.DelegatingMethodAccessorImpl.invoke(DelegatingMethodAccessorImpl.java:43)
	at java.base/java.lang.reflect.Method.invoke(Method.java:566)
	at org.testng.internal.invokers.MethodInvocationHelper.invokeMethod(MethodInvocationHelper.java:141)
	at org.testng.internal.invokers.MethodInvocationHelper.invokeMethod(MethodInvocationHelper.java:86)
	at org.testng.internal.invokers.MethodInvocationHelper.invokeMethodNoCheckedException(MethodInvocationHelper.java:54)
	... 29 more
]]></failure>
    <system-out><![CDATA[16:27:36 [main] INFO  TC002_UserLoginTest - Browser closed.
hello 1
]]></system-out>
    <system-err><![CDATA[java.lang.NullPointerException
	at testBase.BaseClass.captureScreen(BaseClass.java:124)
	at utility.ExtentReportManager.onTestFailure(ExtentReportManager.java:60)
	at org.testng.internal.TestListenerHelper.runTestListeners(TestListenerHelper.java:115)
	at org.testng.internal.invokers.TestInvoker.runTestResultListener(TestInvoker.java:285)
	at org.testng.internal.invokers.TestInvoker$MethodInvocationAgent.invoke(TestInvoker.java:968)
	at org.testng.internal.invokers.TestInvoker.invokeTestMethods(TestInvoker.java:203)
	at org.testng.internal.invokers.TestMethodWorker.invokeTestMethods(TestMethodWorker.java:154)
	at org.testng.internal.invokers.TestMethodWorker.run(TestMethodWorker.java:134)
	at java.base/java.util.ArrayList.forEach(ArrayList.java:1541)
	at org.testng.TestRunner.privateRun(TestRunner.java:739)
	at org.testng.TestRunner.run(TestRunner.java:614)
	at org.testng.SuiteRunner.runTest(SuiteRunner.java:421)
	at org.testng.SuiteRunner.runSequentially(SuiteRunner.java:413)
	at org.testng.SuiteRunner.privateRun(SuiteRunner.java:373)
	at org.testng.SuiteRunner.run(SuiteRunner.java:312)
	at org.testng.SuiteRunnerWorker.runSuite(SuiteRunnerWorker.java:52)
	at org.testng.SuiteRunnerWorker.run(SuiteRunnerWorker.java:95)
	at org.testng.TestNG.runSuitesSequentially(TestNG.java:1274)
	at org.testng.TestNG.runSuitesLocally(TestNG.java:1208)
	at org.testng.TestNG.runSuites(TestNG.java:1112)
	at org.testng.TestNG.run(TestNG.java:1079)
	at org.apache.maven.surefire.testng.TestNGExecutor.run(TestNGExecutor.java:308)
	at org.apache.maven.surefire.testng.TestNGXmlTestSuite.execute(TestNGXmlTestSuite.java:71)
	at org.apache.maven.surefire.testng.TestNGProvider.invoke(TestNGProvider.java:113)
	at org.apache.maven.surefire.booter.ForkedBooter.runSuitesInProcess(ForkedBooter.java:385)
	at org.apache.maven.surefire.booter.ForkedBooter.execute(ForkedBooter.java:162)
	at org.apache.maven.surefire.booter.ForkedBooter.run(ForkedBooter.java:507)
	at org.apache.maven.surefire.booter.ForkedBooter.main(ForkedBooter.java:495)
]]></system-err>
  </testcase>
</testsuite>