<?xml version="1.0" encoding="UTF-8"?>
<!-- Generated by org.testng.reporters.JUnitXMLReporter -->
<testsuite ignored="0" hostname="DESKTOP-DBM2154" failures="0" tests="1" name="Test" time="0.107" errors="0" timestamp="2025-10-30T13:19:40 IST">
  <testcase classname="testBase.BaseClass" name="@BeforeClass setup" time="0.023">
    <failure type="java.lang.NullPointerException">
      <![CDATA[java.lang.NullPointerException
at java.base/java.lang.StringLatin1.toLowerCase(StringLatin1.java:419)
at java.base/java.lang.String.toLowerCase(String.java:3639)
at testBase.BaseClass.setup(BaseClass.java:25)
at java.base/java.util.ArrayList.forEach(ArrayList.java:1596)
... Removed 23 stack frames]]>
    </failure>
  </testcase> <!-- @BeforeClass setup -->
  <testcase classname="testBase.BaseClass" name="@AfterClass tearDown" time="0.0">
    <skipped/>
  </testcase> <!-- @AfterClass tearDown -->
  <testcase classname="testCase.TC001_AccountRegistrationsTest" name="verify_acc_registration" time="0.0">
    <skipped/>
  </testcase> <!-- verify_acc_registration -->
</testsuite> <!-- Test -->
